<?xml version="1.0" encoding="utf-8"?><testsuites name="pytest tests"><testsuite name="pytest" errors="0" failures="0" skipped="0" tests="13" time="4.724" timestamp="2026-03-14T06:58:27.065429+00:00" hostname="agent-env-65032be7-8d43-4f58-b203-45609137385d"><testcase classname="backend.tests.test_blubridge.TestHealth" name="test_root" time="0.234" /><testcase classname="backend.tests.test_blubridge.TestCollegeStats" name="test_stats_returns_300" time="0.107" /><testcase classname="backend.tests.test_blubridge.TestCollegeStats" name="test_colleges_list" time="0.156" /><testcase classname="backend.tests.test_blubridge.TestSeedDB" name="test_seed_endpoint" time="0.123" /><testcase classname="backend.tests.test_blubridge.TestProcessExcel" name="test_process_excel_returns_xlsx" time="1.396" /><testcase classname="backend.tests.test_blubridge.TestProcessExcel" name="test_process_excel_has_two_sheets" time="1.633" /><testcase classname="backend.tests.test_blubridge.TestProcessExcel" name="test_vit_rank_16_full_name" time="0.120" /><testcase classname="backend.tests.test_blubridge.TestProcessExcel" name="test_vit_rank_16_short_name" time="0.124" /><testcase classname="backend.tests.test_blubridge.TestProcessExcel" name="test_jadavpur_rank_18" time="0.158" /><testcase classname="backend.tests.test_blubridge.TestProcessExcel" name="test_rank_band_college_returns_null" time="0.152" /><testcase classname="backend.tests.test_blubridge.TestProcessExcel" name="test_invalid_file_returns_400" time="0.108" /><testcase classname="backend.tests.test_blubridge.TestDownloads" name="test_download_college_list" time="0.100" /><testcase classname="backend.tests.test_blubridge.TestDownloads" name="test_download_college_list_shortnames" time="0.101" /></testsuite></testsuites>