<?xml version="1.0" encoding="utf-8"?><testsuites name="pytest tests"><testsuite name="pytest" errors="0" failures="0" skipped="0" tests="10" time="1.576" timestamp="2026-03-14T14:36:28.314471+00:00" hostname="agent-env-a37745bb-ce0c-458d-91fc-c75c6bd60822"><testcase classname="backend.tests.test_rank_bands.TestCollegeStats" name="test_stats_endpoint_returns_expected_values" time="0.202" /><testcase classname="backend.tests.test_rank_bands.TestCollegesWithRankBands" name="test_colleges_skip_100_returns_rb_101_150" time="0.128" /><testcase classname="backend.tests.test_rank_bands.TestCollegesWithRankBands" name="test_colleges_skip_160_returns_rb_151_200" time="0.110" /><testcase classname="backend.tests.test_rank_bands.TestCollegesWithRankBands" name="test_colleges_skip_215_returns_rb_201_300" time="0.137" /><testcase classname="backend.tests.test_rank_bands.TestCollegesWithRankBands" name="test_colleges_skip_0_returns_numeric_ranks" time="0.136" /><testcase classname="backend.tests.test_rank_bands.TestProcessExcelWithRankBands" name="test_process_excel_mixed_colleges" time="0.141" /><testcase classname="backend.tests.test_rank_bands.TestStaticDownloads" name="test_download_college_list_has_rank_bands" time="0.128" /><testcase classname="backend.tests.test_rank_bands.TestStaticDownloads" name="test_download_college_list_shortnames_has_rank_bands" time="0.131" /><testcase classname="backend.tests.test_rank_bands.TestBasicEndpoints" name="test_root_endpoint" time="0.116" /><testcase classname="backend.tests.test_rank_bands.TestBasicEndpoints" name="test_colleges_total_count" time="0.120" /></testsuite></testsuites>